# JRE version: OpenJDK Runtime Environment (11.0.3+1) (build 11.0.3+1-Debian-1)
# Java VM: OpenJDK 64-Bit Server VM (11.0.3+1-Debian-1, mixed mode, sharing, tiered, compressed oops, g1 gc, linux-amd64)
Heap:
 garbage-first heap   total 1116160K, used 95868K [0x0000000085200000, 0x0000000100000000)
  region size 1024K, 2 young (2048K), 2 survivors (2048K)
 Metaspace       used 29670K, capacity 30119K, committed 31356K, reserved 1077248K
  class space    used 3383K, capacity 3591K, committed 3964K, reserved 1048576K
GC Heap History (10 events):
Event: 10517.634 GC heap after
{Heap after GC invocations=59 (full 0):
 garbage-first heap   total 518144K, used 118118K [0x0000000085200000, 0x0000000100000000)
  region size 1024K, 3 young (3072K), 3 survivors (3072K)
 Metaspace       used 29347K, capacity 29747K, committed 31100K, reserved 1077248K
  class space    used 3371K, capacity 3573K, committed 3964K, reserved 1048576K
}
Event: 10517.781 GC heap before
{Heap before GC invocations=59 (full 0):
 garbage-first heap   total 518144K, used 139622K [0x0000000085200000, 0x0000000100000000)
  region size 1024K, 25 young (25600K), 3 survivors (3072K)
 Metaspace       used 29347K, capacity 29747K, committed 31100K, reserved 1077248K
  class space    used 3371K, capacity 3573K, committed 3964K, reserved 1048576K
}
Event: 10517.811 GC heap after
{Heap after GC invocations=60 (full 0):
 garbage-first heap   total 518144K, used 121970K [0x0000000085200000, 0x0000000100000000)
  region size 1024K, 4 young (4096K), 4 survivors (4096K)
 Metaspace       used 29347K, capacity 29747K, committed 31100K, reserved 1077248K
  class space    used 3371K, capacity 3573K, committed 3964K, reserved 1048576K
}
Event: 10518.022 GC heap before
{Heap before GC invocations=60 (full 0):
 garbage-first heap   total 518144K, used 145522K [0x0000000085200000, 0x0000000100000000)
  region size 1024K, 25 young (25600K), 4 survivors (4096K)
 Metaspace       used 29347K, capacity 29747K, committed 31100K, reserved 1077248K
  class space    used 3371K, capacity 3573K, committed 3964K, reserved 1048576K
}
Event: 10518.130 GC heap after
{Heap after GC invocations=61 (full 0):
 garbage-first heap   total 518144K, used 126723K [0x0000000085200000, 0x0000000100000000)
  region size 1024K, 3 young (3072K), 3 survivors (3072K)
 Metaspace       used 29347K, capacity 29747K, committed 31100K, reserved 1077248K
  class space    used 3371K, capacity 3573K, committed 3964K, reserved 1048576K
}
Event: 10518.605 GC heap before
{Heap before GC invocations=61 (full 0):
 garbage-first heap   total 518144K, used 149251K [0x0000000085200000, 0x0000000100000000)
  region size 1024K, 25 young (25600K), 3 survivors (3072K)
 Metaspace       used 29347K, capacity 29747K, committed 31100K, reserved 1077248K
  class space    used 3371K, capacity 3573K, committed 3964K, reserved 1048576K
}
Event: 10518.610 GC heap after
{Heap after GC invocations=62 (full 0):
 garbage-first heap   total 518144K, used 129420K [0x0000000085200000, 0x0000000100000000)
  region size 1024K, 3 young (3072K), 3 survivors (3072K)
 Metaspace       used 29347K, capacity 29747K, committed 31100K, reserved 1077248K
  class space    used 3371K, capacity 3573K, committed 3964K, reserved 1048576K
}
Event: 10518.800 GC heap before
{Heap before GC invocations=62 (full 0):
 garbage-first heap   total 518144K, used 151948K [0x0000000085200000, 0x0000000100000000)
  region size 1024K, 25 young (25600K), 3 survivors (3072K)
 Metaspace       used 29347K, capacity 29747K, committed 31100K, reserved 1077248K
  class space    used 3371K, capacity 3573K, committed 3964K, reserved 1048576K
}
Event: 10518.816 GC heap after
{Heap after GC invocations=63 (full 0):
 garbage-first heap   total 518144K, used 132167K [0x0000000085200000, 0x0000000100000000)
  region size 1024K, 3 young (3072K), 3 survivors (3072K)
 Metaspace       used 29347K, capacity 29747K, committed 31100K, reserved 1077248K
  class space    used 3371K, capacity 3573K, committed 3964K, reserved 1048576K
}
Event: 10670.931 GC heap before
{Heap before GC invocations=64 (full 0):
 garbage-first heap   total 518144K, used 116807K [0x0000000085200000, 0x0000000100000000)
  region size 1024K, 25 young (25600K), 3 survivors (3072K)
 Metaspace       used 29670K, capacity 30119K, committed 31356K, reserved 1077248K
  class space    used 3383K, capacity 3591K, committed 3964K, reserved 1048576K
}

