# JRE version: OpenJDK Runtime Environment (11.0.3+1) (build 11.0.3+1-Debian-1)
# Java VM: OpenJDK 64-Bit Server VM (11.0.3+1-Debian-1, mixed mode, sharing, tiered, compressed oops, g1 gc, linux-amd64)
Heap:
 garbage-first heap   total 743424K, used 258680K [0x0000000085200000, 0x0000000100000000)
  region size 1024K, 7 young (7168K), 7 survivors (7168K)
 Metaspace       used 29977K, capacity 30424K, committed 31744K, reserved 1077248K
  class space    used 3365K, capacity 3557K, committed 3840K, reserved 1048576K
GC Heap History (10 events):
Event: 1992.140 GC heap after
{Heap after GC invocations=191 (full 0):
 garbage-first heap   total 361472K, used 173284K [0x0000000085200000, 0x0000000100000000)
  region size 1024K, 7 young (7168K), 7 survivors (7168K)
 Metaspace       used 29976K, capacity 30424K, committed 31744K, reserved 1077248K
  class space    used 3365K, capacity 3557K, committed 3840K, reserved 1048576K
}
Event: 1992.241 GC heap before
{Heap before GC invocations=191 (full 0):
 garbage-first heap   total 361472K, used 280804K [0x0000000085200000, 0x0000000100000000)
  region size 1024K, 111 young (113664K), 7 survivors (7168K)
 Metaspace       used 29977K, capacity 30424K, committed 31744K, reserved 1077248K
  class space    used 3365K, capacity 3557K, committed 3840K, reserved 1048576K
}
Event: 1992.257 GC heap after
{Heap after GC invocations=192 (full 0):
 garbage-first heap   total 361472K, used 201151K [0x0000000085200000, 0x0000000100000000)
  region size 1024K, 14 young (14336K), 14 survivors (14336K)
 Metaspace       used 29977K, capacity 30424K, committed 31744K, reserved 1077248K
  class space    used 3365K, capacity 3557K, committed 3840K, reserved 1048576K
}
Event: 1992.319 GC heap before
{Heap before GC invocations=192 (full 0):
 garbage-first heap   total 361472K, used 287167K [0x0000000085200000, 0x0000000100000000)
  region size 1024K, 94 young (96256K), 14 survivors (14336K)
 Metaspace       used 29977K, capacity 30424K, committed 31744K, reserved 1077248K
  class space    used 3365K, capacity 3557K, committed 3840K, reserved 1048576K
}
Event: 1992.340 GC heap after
{Heap after GC invocations=193 (full 0):
 garbage-first heap   total 361472K, used 226936K [0x0000000085200000, 0x0000000100000000)
  region size 1024K, 12 young (12288K), 12 survivors (12288K)
 Metaspace       used 29977K, capacity 30424K, committed 31744K, reserved 1077248K
  class space    used 3365K, capacity 3557K, committed 3840K, reserved 1048576K
}
Event: 1992.387 GC heap before
{Heap before GC invocations=194 (full 0):
 garbage-first heap   total 361472K, used 289400K [0x0000000085200000, 0x0000000100000000)
  region size 1024K, 73 young (74752K), 12 survivors (12288K)
 Metaspace       used 29977K, capacity 30424K, committed 31744K, reserved 1077248K
  class space    used 3365K, capacity 3557K, committed 3840K, reserved 1048576K
}
Event: 1992.403 GC heap after
{Heap after GC invocations=195 (full 0):
 garbage-first heap   total 361472K, used 244856K [0x0000000085200000, 0x0000000100000000)
  region size 1024K, 10 young (10240K), 10 survivors (10240K)
 Metaspace       used 29977K, capacity 30424K, committed 31744K, reserved 1077248K
  class space    used 3365K, capacity 3557K, committed 3840K, reserved 1048576K
}
Event: 1992.408 GC heap before
{Heap before GC invocations=195 (full 0):
 garbage-first heap   total 361472K, used 252024K [0x0000000085200000, 0x0000000100000000)
  region size 1024K, 17 young (17408K), 10 survivors (10240K)
 Metaspace       used 29977K, capacity 30424K, committed 31744K, reserved 1077248K
  class space    used 3365K, capacity 3557K, committed 3840K, reserved 1048576K
}
Event: 1992.416 GC heap after
{Heap after GC invocations=196 (full 0):
 garbage-first heap   total 361472K, used 246633K [0x0000000085200000, 0x0000000100000000)
  region size 1024K, 3 young (3072K), 3 survivors (3072K)
 Metaspace       used 29977K, capacity 30424K, committed 31744K, reserved 1077248K
  class space    used 3365K, capacity 3557K, committed 3840K, reserved 1048576K
}
Event: 1992.449 GC heap before
{Heap before GC invocations=196 (full 0):
 garbage-first heap   total 361472K, used 294761K [0x0000000085200000, 0x0000000100000000)
  region size 1024K, 50 young (51200K), 3 survivors (3072K)
 Metaspace       used 29977K, capacity 30424K, committed 31744K, reserved 1077248K
  class space    used 3365K, capacity 3557K, committed 3840K, reserved 1048576K
}

